# JRE version: Java(TM) SE Runtime Environment (8.0_231-b11) (build 1.8.0_231-b11)
# Java VM: Java HotSpot(TM) 64-Bit Server VM (25.231-b11 mixed mode windows-amd64 compressed oops)
Heap:
 PSYoungGen      total 157184K, used 68087K [0x00000000d5d80000, 0x00000000e2f00000, 0x0000000100000000)
  eden space 147456K, 39% used [0x00000000d5d80000,0x00000000d967f210,0x00000000ded80000)
  from space 9728K, 99% used [0x00000000ded80000,0x00000000df6feaa8,0x00000000df700000)
  to   space 11776K, 0% used [0x00000000e2380000,0x00000000e2380000,0x00000000e2f00000)
 ParOldGen       total 88064K, used 15080K [0x0000000081800000, 0x0000000086e00000, 0x00000000d5d80000)
  object space 88064K, 17% used [0x0000000081800000,0x00000000826ba2c8,0x0000000086e00000)
 Metaspace       used 48579K, capacity 52122K, committed 52400K, reserved 1093632K
  class space    used 6632K, capacity 7281K, committed 7344K, reserved 1048576K
GC Heap History (10 events):
Event: 10.263 GC heap before
{Heap before GC invocations=7 (full 1):
 PSYoungGen      total 71680K, used 71653K [0x00000000d5d80000, 0x00000000dd280000, 0x0000000100000000)
  eden space 66560K, 100% used [0x00000000d5d80000,0x00000000d9e80000,0x00000000d9e80000)
  from space 5120K, 99% used [0x00000000d9e80000,0x00000000da379400,0x00000000da380000)
  to   space 8704K, 0% used [0x00000000dca00000,0x00000000dca00000,0x00000000dd280000)
 ParOldGen       total 58368K, used 9087K [0x0000000081800000, 0x0000000085100000, 0x00000000d5d80000)
  object space 58368K, 15% used [0x0000000081800000,0x00000000820dfdc8,0x0000000085100000)
 Metaspace       used 28048K, capacity 30096K, committed 30256K, reserved 1075200K
  class space    used 3694K, capacity 4096K, committed 4144K, reserved 1048576K
Event: 10.272 GC heap after
Heap after GC invocations=7 (full 1):
 PSYoungGen      total 108032K, used 7695K [0x00000000d5d80000, 0x00000000dd200000, 0x0000000100000000)
  eden space 99840K, 0% used [0x00000000d5d80000,0x00000000d5d80000,0x00000000dbf00000)
  from space 8192K, 93% used [0x00000000dca00000,0x00000000dd183f70,0x00000000dd200000)
  to   space 9216K, 0% used [0x00000000dc000000,0x00000000dc000000,0x00000000dc900000)
 ParOldGen       total 58368K, used 9095K [0x0000000081800000, 0x0000000085100000, 0x00000000d5d80000)
  object space 58368K, 15% used [0x0000000081800000,0x00000000820e1dc8,0x0000000085100000)
 Metaspace       used 28048K, capacity 30096K, committed 30256K, reserved 1075200K
  class space    used 3694K, capacity 4096K, committed 4144K, reserved 1048576K
}
Event: 11.070 GC heap before
{Heap before GC invocations=8 (full 1):
 PSYoungGen      total 108032K, used 66014K [0x00000000d5d80000, 0x00000000dd200000, 0x0000000100000000)
  eden space 99840K, 58% used [0x00000000d5d80000,0x00000000d9673b80,0x00000000dbf00000)
  from space 8192K, 93% used [0x00000000dca00000,0x00000000dd183f70,0x00000000dd200000)
  to   space 9216K, 0% used [0x00000000dc000000,0x00000000dc000000,0x00000000dc900000)
 ParOldGen       total 58368K, used 9095K [0x0000000081800000, 0x0000000085100000, 0x00000000d5d80000)
  object space 58368K, 15% used [0x0000000081800000,0x00000000820e1dc8,0x0000000085100000)
 Metaspace       used 33244K, capacity 35358K, committed 35496K, reserved 1079296K
  class space    used 4430K, capacity 4827K, committed 4912K, reserved 1048576K
Event: 11.079 GC heap after
Heap after GC invocations=8 (full 1):
 PSYoungGen      total 110080K, used 8418K [0x00000000d5d80000, 0x00000000e0180000, 0x0000000100000000)
  eden space 100864K, 0% used [0x00000000d5d80000,0x00000000d5d80000,0x00000000dc000000)
  from space 9216K, 91% used [0x00000000dc000000,0x00000000dc8388b8,0x00000000dc900000)
  to   space 9728K, 0% used [0x00000000df800000,0x00000000df800000,0x00000000e0180000)
 ParOldGen       total 58368K, used 9167K [0x0000000081800000, 0x0000000085100000, 0x00000000d5d80000)
  object space 58368K, 15% used [0x0000000081800000,0x00000000820f3dd8,0x0000000085100000)
 Metaspace       used 33244K, capacity 35358K, committed 35496K, reserved 1079296K
  class space    used 4430K, capacity 4827K, committed 4912K, reserved 1048576K
}
Event: 11.079 GC heap before
{Heap before GC invocations=9 (full 2):
 PSYoungGen      total 110080K, used 8418K [0x00000000d5d80000, 0x00000000e0180000, 0x0000000100000000)
  eden space 100864K, 0% used [0x00000000d5d80000,0x00000000d5d80000,0x00000000dc000000)
  from space 9216K, 91% used [0x00000000dc000000,0x00000000dc8388b8,0x00000000dc900000)
  to   space 9728K, 0% used [0x00000000df800000,0x00000000df800000,0x00000000e0180000)
 ParOldGen       total 58368K, used 9167K [0x0000000081800000, 0x0000000085100000, 0x00000000d5d80000)
  object space 58368K, 15% used [0x0000000081800000,0x00000000820f3dd8,0x0000000085100000)
 Metaspace       used 33244K, capacity 35358K, committed 35496K, reserved 1079296K
  class space    used 4430K, capacity 4827K, committed 4912K, reserved 1048576K
Event: 11.146 GC heap after
Heap after GC invocations=9 (full 2):
 PSYoungGen      total 110080K, used 0K [0x00000000d5d80000, 0x00000000e0180000, 0x0000000100000000)
  eden space 100864K, 0% used [0x00000000d5d80000,0x00000000d5d80000,0x00000000dc000000)
  from space 9216K, 0% used [0x00000000dc000000,0x00000000dc000000,0x00000000dc900000)
  to   space 9728K, 0% used [0x00000000df800000,0x00000000df800000,0x00000000e0180000)
 ParOldGen       total 88064K, used 12762K [0x0000000081800000, 0x0000000086e00000, 0x00000000d5d80000)
  object space 88064K, 14% used [0x0000000081800000,0x0000000082476978,0x0000000086e00000)
 Metaspace       used 33244K, capacity 35358K, committed 35496K, reserved 1079296K
  class space    used 4430K, capacity 4827K, committed 4912K, reserved 1048576K
}
Event: 12.431 GC heap before
{Heap before GC invocations=10 (full 2):
 PSYoungGen      total 110080K, used 100864K [0x00000000d5d80000, 0x00000000e0180000, 0x0000000100000000)
  eden space 100864K, 100% used [0x00000000d5d80000,0x00000000dc000000,0x00000000dc000000)
  from space 9216K, 0% used [0x00000000dc000000,0x00000000dc000000,0x00000000dc900000)
  to   space 9728K, 0% used [0x00000000df800000,0x00000000df800000,0x00000000e0180000)
 ParOldGen       total 88064K, used 12762K [0x0000000081800000, 0x0000000086e00000, 0x00000000d5d80000)
  object space 88064K, 14% used [0x0000000081800000,0x0000000082476978,0x0000000086e00000)
 Metaspace       used 37039K, capacity 39824K, committed 40112K, reserved 1083392K
  class space    used 4991K, capacity 5464K, committed 5552K, reserved 1048576K
Event: 12.446 GC heap after
Heap after GC invocations=10 (full 2):
 PSYoungGen      total 156160K, used 7282K [0x00000000d5d80000, 0x00000000e0080000, 0x0000000100000000)
  eden space 147456K, 0% used [0x00000000d5d80000,0x00000000d5d80000,0x00000000ded80000)
  from space 8704K, 83% used [0x00000000df800000,0x00000000dff1c8d0,0x00000000e0080000)
  to   space 9728K, 0% used [0x00000000ded80000,0x00000000ded80000,0x00000000df700000)
 ParOldGen       total 88064K, used 12770K [0x0000000081800000, 0x0000000086e00000, 0x00000000d5d80000)
  object space 88064K, 14% used [0x0000000081800000,0x0000000082478978,0x0000000086e00000)
 Metaspace       used 37039K, capacity 39824K, committed 40112K, reserved 1083392K
  class space    used 4991K, capacity 5464K, committed 5552K, reserved 1048576K
}
Event: 14.317 GC heap before
{Heap before GC invocations=11 (full 2):
 PSYoungGen      total 156160K, used 154738K [0x00000000d5d80000, 0x00000000e0080000, 0x0000000100000000)
  eden space 147456K, 100% used [0x00000000d5d80000,0x00000000ded80000,0x00000000ded80000)
  from space 8704K, 83% used [0x00000000df800000,0x00000000dff1c8d0,0x00000000e0080000)
  to   space 9728K, 0% used [0x00000000ded80000,0x00000000ded80000,0x00000000df700000)
 ParOldGen       total 88064K, used 12770K [0x0000000081800000, 0x0000000086e00000, 0x00000000d5d80000)
  object space 88064K, 14% used [0x0000000081800000,0x0000000082478978,0x0000000086e00000)
 Metaspace       used 43357K, capacity 46598K, committed 46768K, reserved 1089536K
  class space    used 5900K, capacity 6481K, committed 6576K, reserved 1048576K
Event: 14.351 GC heap after
Heap after GC invocations=11 (full 2):
 PSYoungGen      total 157184K, used 9722K [0x00000000d5d80000, 0x00000000e2f00000, 0x0000000100000000)
  eden space 147456K, 0% used [0x00000000d5d80000,0x00000000d5d80000,0x00000000ded80000)
  from space 9728K, 99% used [0x00000000ded80000,0x00000000df6feaa8,0x00000000df700000)
  to   space 11776K, 0% used [0x00000000e2380000,0x00000000e2380000,0x00000000e2f00000)
 ParOldGen       total 88064K, used 15080K [0x0000000081800000, 0x0000000086e00000, 0x00000000d5d80000)
  object space 88064K, 17% used [0x0000000081800000,0x00000000826ba2c8,0x0000000086e00000)
 Metaspace       used 43357K, capacity 46598K, committed 46768K, reserved 1089536K
  class space    used 5900K, capacity 6481K, committed 6576K, reserved 1048576K
}

